<?xml version="1.0" encoding="UTF-8"?>
<!-- Generated by org.testng.reporters.JUnitReportReporter -->
<testsuite hostname="Sreepals-MacBook-Pro.local" failures="0" tests="6" name="TwitterTest" time="1.740" errors="0" timestamp="2021-03-04T14:32:32 PST" skipped="0">
  <testcase classname="TwitterTest" name="verifyCreateTweet" time="0.539"/>
  <testcase classname="TwitterTest" name="verifyDuplicateTweet" time="0.051"/>
  <testcase classname="TwitterTest" name="verifyGetTweets" time="0.133"/>
  <testcase classname="TwitterTest" name="verifyNoOfTweets" time="0.128"/>
  <testcase classname="TwitterTest" name="verifyMultipleTweetsAvailable" time="0.493"/>
  <testcase classname="TwitterTest" name="verifyMultipleTweetsAvailable" time="0.396"/>
</testsuite> <!-- TwitterTest -->
